<?xml version="1.0" encoding="UTF-8"?>
<testsuite name="com.example.HelloWorldTest" tests="1" skipped="0" failures="0" errors="0" timestamp="2021-10-01T14:19:59" hostname="siilim190312.local" time="0.075">
  <properties/>
  <testcase name="Ping test()" classname="com.example.HelloWorldTest" time="0.075"/>
  <system-out><![CDATA[]]></system-out>
  <system-err><![CDATA[]]></system-err>
</testsuite>
